<?xml version="1.0" encoding="UTF-8" ?>
<testsuites name="vitest tests" tests="7" failures="0" errors="0" time="0.1839294">
    <testsuite name="test/ReactRoute.test.ts" timestamp="2026-06-30T23:52:22.433Z" hostname="Jane" tests="7" failures="0" errors="0" skipped="0" time="0.1839294">
        <testcase classname="test/ReactRoute.test.ts" name="ReactRoute Tests &gt; Can serve the home page from app/index.tsx." time="0.0764151">
            <system-out>
2026-06-30T23:52:22.265Z [34mdebug[39m: [ReactRoute] Rendering &quot;/&quot;

            </system-out>
            <system-err>
Your app (or one of its dependencies) is using an outdated JSX transform. Update to the modern JSX transform for faster performance: https://react.dev/link/new-jsx-transform

            </system-err>
        </testcase>
        <testcase classname="test/ReactRoute.test.ts" name="ReactRoute Tests &gt; Wraps pages in _layout.tsx." time="0.0037274">
            <system-out>
2026-06-30T23:52:22.291Z [34mdebug[39m: [ReactRoute] Rendering &quot;/&quot;

            </system-out>
        </testcase>
        <testcase classname="test/ReactRoute.test.ts" name="ReactRoute Tests &gt; Calls fetchProps and passes data to the page component." time="0.0087916">
            <system-out>
2026-06-30T23:52:22.294Z [34mdebug[39m: [ReactRoute] Rendering &quot;/pets&quot;

            </system-out>
        </testcase>
        <testcase classname="test/ReactRoute.test.ts" name="ReactRoute Tests &gt; Supports index convention — /auth/login resolves to app/auth/login/index.tsx." time="0.0086621">
            <system-out>
2026-06-30T23:52:22.303Z [34mdebug[39m: [ReactRoute] Rendering &quot;/auth/login&quot;

            </system-out>
        </testcase>
        <testcase classname="test/ReactRoute.test.ts" name="ReactRoute Tests &gt; Returns 404 status and renders _404.tsx for missing paths." time="0.0093778">
            <system-out>
2026-06-30T23:52:22.312Z [34mdebug[39m: [ReactRoute] Rendering &quot;/does-not-exist&quot;

            </system-out>
        </testcase>
        <testcase classname="test/ReactRoute.test.ts" name="ReactRoute Tests &gt; Injects dev live-reload script in non-production mode." time="0.0037966">
            <system-out>
2026-06-30T23:52:22.321Z [34mdebug[39m: [ReactRoute] Rendering &quot;/&quot;

            </system-out>
        </testcase>
        <testcase classname="test/ReactRoute.test.ts" name="ReactRoute Tests &gt; DI fetchProps override provides service data to the page component." time="0.0083597">
            <system-out>
2026-06-30T23:52:22.325Z [34mdebug[39m: [ReactRoute] Rendering &quot;/di-pets&quot;

            </system-out>
        </testcase>
    </testsuite>
</testsuites>
